<?xml version="1.0" encoding="UTF-8"?>
<!-- Generated by org.testng.reporters.JUnitReportReporter -->
<testsuite hostname="Nayans-MacBook-Air.local" failures="0" tests="1" name="testCases.LoginWithEmail" time="6.205" errors="0" timestamp="2020-01-06T14:46:29 IST" skipped="0">
  <testcase classname="testCases.LoginWithEmail" name="main" time="6.205"/>
</testsuite> <!-- testCases.LoginWithEmail -->
