<?xml version="1.0" encoding="UTF-8"?>
<!-- Generated by org.testng.reporters.JUnitReportReporter -->
<testsuite hostname="Nayans-MacBook-Air.local" failures="0" tests="1" name="testCases.LoginWithFB" time="20.607" errors="0" timestamp="2020-01-06T13:19:54 IST" skipped="0">
  <testcase classname="testCases.LoginWithFB" name="main" time="20.607"/>
</testsuite> <!-- testCases.LoginWithFB -->
