<?xml version="1.0" encoding="UTF-8"?>
<!-- Generated by org.testng.reporters.JUnitReportReporter -->
<testsuite hostname="Nayans-MacBook-Air.local" failures="0" tests="1" name="testCases.LoginWithEmail" time="11.497" errors="0" timestamp="2020-04-14T14:48:45 IST" skipped="0">
  <testcase classname="testCases.LoginWithEmail" name="main" time="11.497"/>
</testsuite> <!-- testCases.LoginWithEmail -->
